<?xml version="1.0" encoding="UTF-8"?>
<!-- Generated by org.testng.reporters.JUnitReportReporter -->
<testsuite hostname="DESKTOP-PNQLD87" failures="0" tests="5" name="login.firebase.tests.AutomationScript" time="29.347" errors="0" timestamp="2022-05-28T13:17:24 PDT" skipped="0">
  <testcase classname="login.firebase.tests.AutomationScript" name="testCase1" time="3.357"/>
  <system-out/>
  <testcase classname="login.firebase.tests.AutomationScript" name="testCase4a" time="4.181"/>
  <system-out/>
  <testcase classname="login.firebase.tests.AutomationScript" name="testCase2" time="8.603"/>
  <system-out/>
  <testcase classname="login.firebase.tests.AutomationScript" name="testCase4b" time="2.710"/>
  <system-out/>
  <testcase classname="login.firebase.tests.AutomationScript" name="testCase3" time="10.496"/>
  <system-out/>
</testsuite> <!-- login.firebase.tests.AutomationScript -->
